<?xml version="1.0" encoding="UTF-8"?>
<testng-results ignored="0" total="1" passed="1" failed="0" skipped="0">
  <reporter-output>
  </reporter-output>
  <suite started-at="2023-03-17T20:42:45 IST" name="Default suite" finished-at="2023-03-17T20:42:45 IST" duration-ms="203">
    <groups>
    </groups>
    <test started-at="2023-03-17T20:42:45 IST" name="Default test" finished-at="2023-03-17T20:42:45 IST" duration-ms="203">
      <class name="yttt.sdgsd">
        <test-method signature="rty()[pri:0, instance:yttt.sdgsd@16610890]" started-at="2023-03-17T20:42:45 IST" name="rty" finished-at="2023-03-17T20:42:45 IST" duration-ms="11" status="PASS">
          <reporter-output>
          </reporter-output>
        </test-method> <!-- rty -->
      </class> <!-- yttt.sdgsd -->
    </test> <!-- Default test -->
  </suite> <!-- Default suite -->
</testng-results>
