<?xml version="1.0" encoding="UTF-8"?>
<!-- Generated by org.testng.reporters.JUnitXMLReporter -->
<testsuite ignored="0" hostname="LAPTOP-M13O2IOQ" failures="0" tests="6" name="Default test" time="0.099" errors="0" timestamp="2025-10-31T21:53:20 IST">
  <testcase classname="testNG.Priority" name="Q" time="0.008"/>
  <testcase classname="testNG.Priority" name="a" time="0.002"/>
  <testcase classname="testNG.Priority" name="s" time="0.004"/>
  <testcase classname="testNG.Priority" name="P" time="0.001"/>
  <testcase classname="testNG.Priority" name="R" time="0.002"/>
  <testcase classname="testNG.Priority" name="x" time="0.001"/>
</testsuite> <!-- Default test -->
