<?xml version="1.0" encoding="UTF-8"?>
<testng-results ignored="0" total="1" passed="1" failed="0" skipped="0">
  <reporter-output>
  </reporter-output>
  <suite started-at="2025-10-31T21:56:29 IST" name="Default suite" finished-at="2025-10-31T21:56:45 IST" duration-ms="16791">
    <groups>
    </groups>
    <test started-at="2025-10-31T21:56:29 IST" name="Default test" finished-at="2025-10-31T21:56:45 IST" duration-ms="16791">
      <class name="tests.SampleTest">
        <test-method is-config="true" signature="setUp()[pri:0, instance:tests.SampleTest@22ef9844]" started-at="2025-10-31T21:56:29 IST" name="setUp" finished-at="2025-10-31T21:56:31 IST" duration-ms="2238" status="PASS">
          <reporter-output>
          </reporter-output>
        </test-method> <!-- setUp -->
        <test-method signature="openAmazon_homepageTitle()[pri:0, instance:tests.SampleTest@22ef9844]" started-at="2025-10-31T21:56:31 IST" name="openAmazon_homepageTitle" finished-at="2025-10-31T21:56:45 IST" duration-ms="14263" status="PASS">
          <reporter-output>
          </reporter-output>
        </test-method> <!-- openAmazon_homepageTitle -->
        <test-method is-config="true" signature="tearDown()[pri:0, instance:tests.SampleTest@22ef9844]" started-at="2025-10-31T21:56:45 IST" name="tearDown" finished-at="2025-10-31T21:56:45 IST" duration-ms="248" status="PASS">
          <reporter-output>
          </reporter-output>
        </test-method> <!-- tearDown -->
      </class> <!-- tests.SampleTest -->
    </test> <!-- Default test -->
  </suite> <!-- Default suite -->
</testng-results>
