<?xml version="1.0" encoding="UTF-8"?>
<!-- Generated by org.testng.reporters.JUnitReportReporter -->
<testsuite hostname="LAPTOP-M13O2IOQ" failures="0" tests="2" name="com.nithishTest.appium.Scroll_Function" time="19.175" errors="0" timestamp="2023-08-05T10:42:55 IST" skipped="0">
  <testcase classname="com.nithishTest.appium.Scroll_Function" name="setup" time="11.508"/>
  <system-out/>
  <testcase classname="com.nithishTest.appium.Scroll_Function" name="AndroidUiautomator" time="7.667"/>
  <system-out/>
</testsuite> <!-- com.nithishTest.appium.Scroll_Function -->
