<?xml version="1.0" encoding="UTF-8"?>
<!-- Generated by org.testng.reporters.JUnitReportReporter -->
<testsuite hostname="LAPTOP-M13O2IOQ" failures="0" tests="2" name="com.nithish.appium.TapCentre" time="12.495" errors="0" timestamp="2023-08-04T10:03:42 IST" skipped="0">
  <testcase classname="com.nithish.appium.TapCentre" name="setCapabilities" time="11.398"/>
  <system-out/>
  <testcase classname="com.nithish.appium.TapCentre" name="TapUsingCentre" time="1.097"/>
  <system-out/>
</testsuite> <!-- com.nithish.appium.TapCentre -->
