<?xml version="1.0" encoding="UTF-8"?>
<!-- Generated by org.testng.reporters.JUnitReportReporter -->
<testsuite hostname="LAPTOP-M13O2IOQ" failures="0" tests="2" name="com.nithish.appium.TapMethods" time="18.800" errors="0" timestamp="2023-08-04T09:58:48 IST" skipped="0">
  <testcase classname="com.nithish.appium.TapMethods" name="setCapabilities" time="11.671"/>
  <system-out/>
  <testcase classname="com.nithish.appium.TapMethods" name="prog" time="7.129"/>
  <system-out/>
</testsuite> <!-- com.nithish.appium.TapMethods -->
