<?xml version="1.0" encoding="UTF-8"?>
<!-- Generated by org.testng.reporters.JUnitReportReporter -->
<testsuite hostname="LAPTOP-M13O2IOQ" failures="0" tests="2" name="com.nithish.appium.class2" time="22.427" errors="0" timestamp="2023-08-03T09:43:20 IST" skipped="0">
  <testcase classname="com.nithish.appium.class2" name="setCapabilities" time="12.528"/>
  <system-out/>
  <testcase classname="com.nithish.appium.class2" name="appAutomation" time="9.899"/>
  <system-out/>
</testsuite> <!-- com.nithish.appium.class2 -->
