<?xml version="1.0" encoding="UTF-8"?>
<!-- Generated by org.testng.reporters.JUnitReportReporter -->
<testsuite hostname="LAPTOP-M13O2IOQ" failures="0" tests="2" name="com.nithish.appium.TapLongPress" time="17.647" errors="0" timestamp="2023-08-05T09:51:08 IST" skipped="0">
  <testcase classname="com.nithish.appium.TapLongPress" name="setCapabilities" time="10.409"/>
  <system-out/>
  <testcase classname="com.nithish.appium.TapLongPress" name="prog" time="7.238"/>
  <system-out/>
</testsuite> <!-- com.nithish.appium.TapLongPress -->
