<?xml version="1.0" encoding="UTF-8"?>
<!-- Generated by org.testng.reporters.JUnitReportReporter -->
<testsuite hostname="LAPTOP-M13O2IOQ" failures="0" tests="2" name="com.nithishTest.appium.Basic_Calc_prog" time="41.399" errors="0" timestamp="2023-09-19T19:51:46 IST" skipped="0">
  <testcase classname="com.nithishTest.appium.Basic_Calc_prog" name="setCapabilities" time="12.524"/>
  <system-out/>
  <testcase classname="com.nithishTest.appium.Basic_Calc_prog" name="Demo" time="28.875"/>
  <system-out/>
</testsuite> <!-- com.nithishTest.appium.Basic_Calc_prog -->
