<?xml version="1.0" encoding="UTF-8"?>
<!-- Generated by org.testng.reporters.JUnitReportReporter -->
<testsuite hostname="LAPTOP-M13O2IOQ" failures="0" tests="2" name="com.nithish.appium.Scroll_Function" time="14.332" errors="0" timestamp="2023-08-05T10:09:30 IST" skipped="0">
  <testcase classname="com.nithish.appium.Scroll_Function" name="setCapabilities" time="11.832"/>
  <system-out/>
  <testcase classname="com.nithish.appium.Scroll_Function" name="scroll" time="2.500"/>
  <system-out/>
</testsuite> <!-- com.nithish.appium.Scroll_Function -->
