<?xml version="1.0" encoding="UTF-8"?>
<!-- Generated by org.testng.reporters.JUnitReportReporter -->
<testsuite hostname="LAPTOP-M13O2IOQ" failures="0" tests="2" name="com.nithishTest.appium.Decathlon_OTP" time="10.863" errors="0" timestamp="2023-08-09T10:57:02 IST" skipped="1">
  <testcase classname="com.nithishTest.appium.Decathlon_OTP" name="OTP_message" time="10.863"/>
  <system-out/>
  <testcase classname="com.nithishTest.appium.Decathlon_OTP" name="OTP_notification">
    <skipped/>
  </testcase> <!-- OTP_notification -->
  <system-out/>
</testsuite> <!-- com.nithishTest.appium.Decathlon_OTP -->
