<?xml version="1.0" encoding="UTF-8"?>
<testng-results ignored="0" total="1" passed="1" failed="0" skipped="0">
  <reporter-output>
  </reporter-output>
  <suite started-at="2023-07-29T10:00:36 IST" name="Default suite" finished-at="2023-07-29T10:00:50 IST" duration-ms="14323">
    <groups>
    </groups>
    <test started-at="2023-07-29T10:00:36 IST" name="Default test" finished-at="2023-07-29T10:00:50 IST" duration-ms="14323">
      <class name="com.Appium.cls">
        <test-method signature="setCapabilities()[pri:0, instance:com.Appium.cls@4229bb3f]" started-at="2023-07-29T10:00:36 IST" name="setCapabilities" finished-at="2023-07-29T10:00:50 IST" duration-ms="14216" status="PASS">
          <reporter-output>
          </reporter-output>
        </test-method> <!-- setCapabilities -->
      </class> <!-- com.Appium.cls -->
    </test> <!-- Default test -->
  </suite> <!-- Default suite -->
</testng-results>
