<?xml version="1.0" encoding="UTF-8"?>
<!-- Generated by org.testng.reporters.JUnitReportReporter -->
<testsuite hostname="LAPTOP-M13O2IOQ" failures="0" tests="4" name="testNG.Ignore" time="0.012" errors="0" timestamp="2023-07-22T15:40:38 IST" skipped="0">
  <testcase classname="testNG.Ignore" name="M3" time="0.008"/>
  <system-out/>
  <testcase classname="testNG.Ignore" name="M9" time="0.002"/>
  <system-out/>
  <testcase classname="testNG.Ignore" name="M5" time="0.001"/>
  <system-out/>
  <testcase classname="testNG.Ignore" name="M7" time="0.001"/>
  <system-out/>
</testsuite> <!-- testNG.Ignore -->
