<?xml version="1.0" encoding="UTF-8"?>
<!-- Generated by org.testng.reporters.JUnitReportReporter -->
<testsuite hostname="LAPTOP-M13O2IOQ" failures="0" tests="5" name="testNG.TestNG_Groups" time="0.022" errors="0" timestamp="2023-07-22T19:05:59 IST" skipped="0">
  <testcase classname="testNG.TestNG_Groups" name="M3" time="0.002"/>
  <system-out/>
  <testcase classname="testNG.TestNG_Groups" name="M1" time="0.012"/>
  <system-out/>
  <testcase classname="testNG.TestNG_Groups" name="M2" time="0.005"/>
  <system-out>
    <![CDATA[Inside M2]]>
  </system-out>
  <testcase classname="testNG.TestNG_Groups" name="M4" time="0.001"/>
  <system-out/>
  <testcase classname="testNG.TestNG_Groups" name="M5" time="0.002"/>
  <system-out/>
</testsuite> <!-- testNG.TestNG_Groups -->
