<?xml version="1.0" encoding="UTF-8"?>
<!-- Generated by org.testng.reporters.JUnitReportReporter -->
<testsuite hostname="LAPTOP-M13O2IOQ" failures="0" tests="4" name="testNG.TestNG_DataProvider" time="0.039" errors="0" timestamp="2023-07-26T09:56:14 IST" skipped="0">
  <testcase classname="testNG.TestNG_DataProvider" name="MethodTwo" time="0.004"/>
  <system-out/>
  <testcase classname="testNG.TestNG_DataProvider" name="MethodOne" time="0.010"/>
  <system-out/>
  <testcase classname="testNG.TestNG_DataProvider" name="MethodTwo" time="0.010"/>
  <system-out/>
  <testcase classname="testNG.TestNG_DataProvider" name="MethodOne" time="0.015"/>
  <system-out/>
</testsuite> <!-- testNG.TestNG_DataProvider -->
