<?xml version="1.0" encoding="UTF-8"?>
<!-- Generated by org.testng.reporters.JUnitReportReporter -->
<testsuite hostname="LAPTOP-M13O2IOQ" failures="0" tests="6" name="testNG.Priority" time="0.018" errors="0" timestamp="2025-10-31T21:53:21 IST" skipped="0">
  <testcase classname="testNG.Priority" name="Q" time="0.008"/>
  <system-out/>
  <testcase classname="testNG.Priority" name="s" time="0.004"/>
  <system-out/>
  <testcase classname="testNG.Priority" name="a" time="0.002"/>
  <system-out/>
  <testcase classname="testNG.Priority" name="P" time="0.001"/>
  <system-out/>
  <testcase classname="testNG.Priority" name="x" time="0.001"/>
  <system-out/>
  <testcase classname="testNG.Priority" name="R" time="0.002"/>
  <system-out/>
</testsuite> <!-- testNG.Priority -->
