<?xml version="1.0" encoding="UTF-8"?>
<!-- Generated by org.testng.reporters.JUnitReportReporter -->
<testsuite hostname="LAPTOP-M13O2IOQ" failures="0" tests="2" name="testNG.TestNG_Ignore" time="0.008" errors="0" timestamp="2023-07-29T14:19:25 IST" skipped="1">
  <testcase classname="testNG.TestNG_Ignore" name="M9" time="0.008"/>
  <system-out/>
  <testcase classname="testNG.TestNG_Ignore" name="M7">
    <skipped/>
  </testcase> <!-- M7 -->
  <system-out/>
</testsuite> <!-- testNG.TestNG_Ignore -->
