<?xml version="1.0" encoding="UTF-8"?>
<!-- Generated by org.testng.reporters.JUnitReportReporter -->
<testsuite hostname="LAPTOP-M13O2IOQ" failures="0" tests="2" name="testNG.TestNG_Crossbrowser" time="0.006" errors="0" timestamp="2023-07-27T14:52:54 IST" skipped="0">
  <testcase classname="testNG.TestNG_Crossbrowser" name="login" time="0.001"/>
  <system-out/>
  <testcase classname="testNG.TestNG_Crossbrowser" name="login" time="0.005"/>
  <system-out/>
</testsuite> <!-- testNG.TestNG_Crossbrowser -->
