<?xml version="1.0" encoding="UTF-8"?>
<!-- Generated by org.testng.reporters.JUnitReportReporter -->
<testsuite hostname="LAPTOP-M13O2IOQ" failures="0" tests="2" name="testNG.Simple_Annotations" time="0.008" errors="0" timestamp="2023-07-22T18:21:01 IST" skipped="0">
  <testcase classname="testNG.Simple_Annotations" name="searchMobile" time="0.003"/>
  <system-out/>
  <testcase classname="testNG.Simple_Annotations" name="searchLaptop" time="0.005"/>
  <system-out/>
</testsuite> <!-- testNG.Simple_Annotations -->
