<?xml version="1.0" encoding="UTF-8"?>
<!-- Generated by org.testng.reporters.JUnitReportReporter -->
<testsuite hostname="LAPTOP-M13O2IOQ" failures="0" tests="3" name="testNG.TestNG_Expectedexception" time="0.012" errors="0" timestamp="2023-07-25T18:33:50 IST" skipped="0">
  <testcase classname="testNG.TestNG_Expectedexception" name="MethodOne" time="0.008"/>
  <system-out/>
  <testcase classname="testNG.TestNG_Expectedexception" name="MethodThree" time="0.002"/>
  <system-out/>
  <testcase classname="testNG.TestNG_Expectedexception" name="MethodTwo" time="0.002"/>
  <system-out/>
</testsuite> <!-- testNG.TestNG_Expectedexception -->
