<?xml version="1.0" encoding="UTF-8"?>
<!-- Generated by org.testng.reporters.JUnitReportReporter -->
<testsuite hostname="LAPTOP-M13O2IOQ" failures="0" tests="9" name="testNG.TestNg_invocationCount" time="0.021" errors="0" timestamp="2023-07-22T18:21:01 IST" skipped="0">
  <testcase classname="testNG.TestNg_invocationCount" name="M3" time="0.005"/>
  <system-out/>
  <testcase classname="testNG.TestNg_invocationCount" name="M3" time="0.001"/>
  <system-out/>
  <testcase classname="testNG.TestNg_invocationCount" name="M4" time="0.007"/>
  <system-out/>
  <testcase classname="testNG.TestNg_invocationCount" name="M3" time="0.001"/>
  <system-out/>
  <testcase classname="testNG.TestNg_invocationCount" name="M2" time="0.002"/>
  <system-out/>
  <testcase classname="testNG.TestNg_invocationCount" name="M5" time="0.002"/>
  <system-out/>
  <testcase classname="testNG.TestNg_invocationCount" name="M1" time="0.001"/>
  <system-out/>
  <testcase classname="testNG.TestNg_invocationCount" name="M3" time="0.001"/>
  <system-out/>
  <testcase classname="testNG.TestNg_invocationCount" name="M4" time="0.001"/>
  <system-out/>
</testsuite> <!-- testNG.TestNg_invocationCount -->
