<?xml version="1.0" encoding="UTF-8"?>
<!-- Generated by org.testng.reporters.JUnitReportReporter -->
<testsuite hostname="LAPTOP-M13O2IOQ" failures="0" tests="5" name="testNG.TestNG_parallelTest" time="6.049" errors="0" timestamp="2023-07-26T11:27:01 IST" skipped="0">
  <testcase classname="testNG.TestNG_parallelTest" name="MethodTwo" time="0.004"/>
  <system-out/>
  <testcase classname="testNG.TestNG_parallelTest" name="MethodFive" time="2.014"/>
  <system-out/>
  <testcase classname="testNG.TestNG_parallelTest" name="MethodThree" time="2.013"/>
  <system-out/>
  <testcase classname="testNG.TestNG_parallelTest" name="MethodFour" time="0.002"/>
  <system-out/>
  <testcase classname="testNG.TestNG_parallelTest" name="MethodOne" time="2.016"/>
  <system-out/>
</testsuite> <!-- testNG.TestNG_parallelTest -->
