<?xml version="1.0" encoding="UTF-8"?>
<testng-results ignored="0" total="6" passed="6" failed="0" skipped="0">
  <reporter-output>
  </reporter-output>
  <suite started-at="2025-10-31T21:53:20 IST" name="Default suite" finished-at="2025-10-31T21:53:20 IST" duration-ms="99">
    <groups>
    </groups>
    <test started-at="2025-10-31T21:53:20 IST" name="Default test" finished-at="2025-10-31T21:53:20 IST" duration-ms="99">
      <class name="testNG.Priority">
        <test-method signature="Q()[pri:-2, instance:testNG.Priority@61d6015a]" started-at="2025-10-31T21:53:20 IST" name="Q" finished-at="2025-10-31T21:53:20 IST" duration-ms="8" status="PASS">
          <reporter-output>
          </reporter-output>
        </test-method> <!-- Q -->
        <test-method signature="a()[pri:0, instance:testNG.Priority@61d6015a]" started-at="2025-10-31T21:53:20 IST" name="a" finished-at="2025-10-31T21:53:20 IST" duration-ms="2" status="PASS">
          <reporter-output>
          </reporter-output>
        </test-method> <!-- a -->
        <test-method signature="s()[pri:0, instance:testNG.Priority@61d6015a]" started-at="2025-10-31T21:53:20 IST" name="s" finished-at="2025-10-31T21:53:20 IST" duration-ms="4" status="PASS">
          <reporter-output>
          </reporter-output>
        </test-method> <!-- s -->
        <test-method signature="P()[pri:1, instance:testNG.Priority@61d6015a]" started-at="2025-10-31T21:53:20 IST" name="P" finished-at="2025-10-31T21:53:20 IST" duration-ms="1" status="PASS">
          <reporter-output>
          </reporter-output>
        </test-method> <!-- P -->
        <test-method signature="R()[pri:3, instance:testNG.Priority@61d6015a]" started-at="2025-10-31T21:53:20 IST" name="R" finished-at="2025-10-31T21:53:20 IST" duration-ms="2" status="PASS">
          <reporter-output>
          </reporter-output>
        </test-method> <!-- R -->
        <test-method signature="x()[pri:3, instance:testNG.Priority@61d6015a]" started-at="2025-10-31T21:53:20 IST" name="x" finished-at="2025-10-31T21:53:20 IST" duration-ms="1" status="PASS">
          <reporter-output>
          </reporter-output>
        </test-method> <!-- x -->
      </class> <!-- testNG.Priority -->
    </test> <!-- Default test -->
  </suite> <!-- Default suite -->
</testng-results>
